All closed!
	Command being timed: "./demultiplex_type2.py -f1 /projects/bgmp/shared/2017_sequencing/1294_S1_L008_R1_001.fastq.gz -f2 /projects/bgmp/shared/2017_sequencing/1294_S1_L008_R2_001.fastq.gz -f3 /projects/bgmp/shared/2017_sequencing/1294_S1_L008_R3_001.fastq.gz -f4 /projects/bgmp/shared/2017_sequencing/1294_S1_L008_R4_001.fastq.gz -i /projects/bgmp/shared/2017_sequencing/indexes.txt -c 35"
	User time (seconds): 10840.97
	System time (seconds): 75.37
	Percent of CPU this job got: 94%
	Elapsed (wall clock) time (h:mm:ss or m:ss): 3:11:42
	Average shared text size (kbytes): 0
	Average unshared data size (kbytes): 0
	Average stack size (kbytes): 0
	Average total size (kbytes): 0
	Maximum resident set size (kbytes): 144428
	Average resident set size (kbytes): 0
	Major (requiring I/O) page faults: 0
	Minor (reclaiming a frame) page faults: 1377268
	Voluntary context switches: 104103
	Involuntary context switches: 42358
	Swaps: 0
	File system inputs: 0
	File system outputs: 0
	Socket messages sent: 0
	Socket messages received: 0
	Signals delivered: 0
	Page size (bytes): 4096
	Exit status: 0
